# JRE version: OpenJDK Runtime Environment 18.9 (11.0.12+7) (build 11.0.12+7)
# Java VM: OpenJDK 64-Bit Server VM 18.9 (11.0.12+7, mixed mode, sharing, tiered, compressed oops, g1 gc, linux-amd64)
Heap:
 garbage-first heap   total 524288K, used 65606K [0x0000000085400000, 0x0000000100000000)
  region size 1024K, 9 young (9216K), 0 survivors (0K)
 Metaspace       used 167753K, capacity 181062K, committed 185808K, reserved 1202176K
  class space    used 25993K, capacity 33007K, committed 33996K, reserved 1048576K
GC Heap History (20 events):
Event: 3,376 GC heap before
{Heap before GC invocations=4 (full 0):
 garbage-first heap   total 526336K, used 12189K [0x0000000085400000, 0x0000000100000000)
  region size 1024K, 6 young (6144K), 4 survivors (4096K)
 Metaspace       used 33625K, capacity 35601K, committed 35708K, reserved 1079296K
  class space    used 4565K, capacity 5376K, committed 5376K, reserved 1048576K
}
Event: 3,383 GC heap after
{Heap after GC invocations=5 (full 0):
 garbage-first heap   total 526336K, used 11380K [0x0000000085400000, 0x0000000100000000)
  region size 1024K, 4 young (4096K), 4 survivors (4096K)
 Metaspace       used 33625K, capacity 35601K, committed 35708K, reserved 1079296K
  class space    used 4565K, capacity 5376K, committed 5376K, reserved 1048576K
}
Event: 4,747 GC heap before
{Heap before GC invocations=6 (full 0):
 garbage-first heap   total 526336K, used 108660K [0x0000000085400000, 0x0000000100000000)
  region size 1024K, 99 young (101376K), 4 survivors (4096K)
 Metaspace       used 55820K, capacity 58970K, committed 59132K, reserved 1099776K
  class space    used 8090K, capacity 9837K, committed 9856K, reserved 1048576K
}
Event: 4,793 GC heap after
{Heap after GC invocations=7 (full 0):
 garbage-first heap   total 526336K, used 19504K [0x0000000085400000, 0x0000000100000000)
  region size 1024K, 12 young (12288K), 12 survivors (12288K)
 Metaspace       used 55820K, capacity 58970K, committed 59132K, reserved 1099776K
  class space    used 8090K, capacity 9837K, committed 9856K, reserved 1048576K
}
Event: 4,864 GC heap before
{Heap before GC invocations=7 (full 0):
 garbage-first heap   total 526336K, used 27696K [0x0000000085400000, 0x0000000100000000)
  region size 1024K, 22 young (22528K), 12 survivors (12288K)
 Metaspace       used 56544K, capacity 59715K, committed 59728K, reserved 1099776K
  class space    used 8198K, capacity 9971K, committed 9984K, reserved 1048576K
}
Event: 4,878 GC heap after
{Heap after GC invocations=8 (full 0):
 garbage-first heap   total 526336K, used 20096K [0x0000000085400000, 0x0000000100000000)
  region size 1024K, 10 young (10240K), 10 survivors (10240K)
 Metaspace       used 56544K, capacity 59715K, committed 59728K, reserved 1099776K
  class space    used 8198K, capacity 9971K, committed 9984K, reserved 1048576K
}
Event: 7,346 GC heap before
{Heap before GC invocations=9 (full 0):
 garbage-first heap   total 526336K, used 155264K [0x0000000085400000, 0x0000000100000000)
  region size 1024K, 143 young (146432K), 10 survivors (10240K)
 Metaspace       used 74339K, capacity 80169K, committed 80540K, reserved 1114112K
  class space    used 11930K, capacity 15083K, committed 15180K, reserved 1048576K
}
Event: 7,377 GC heap after
{Heap after GC invocations=10 (full 0):
 garbage-first heap   total 526336K, used 27915K [0x0000000085400000, 0x0000000100000000)
  region size 1024K, 17 young (17408K), 17 survivors (17408K)
 Metaspace       used 74339K, capacity 80169K, committed 80540K, reserved 1114112K
  class space    used 11930K, capacity 15083K, committed 15180K, reserved 1048576K
}
Event: 12,191 GC heap before
{Heap before GC invocations=10 (full 0):
 garbage-first heap   total 526336K, used 459019K [0x0000000085400000, 0x0000000100000000)
  region size 1024K, 306 young (313344K), 17 survivors (17408K)
 Metaspace       used 92382K, capacity 99787K, committed 99996K, reserved 1130496K
  class space    used 14527K, capacity 18489K, committed 18508K, reserved 1048576K
}
Event: 12,230 GC heap after
{Heap after GC invocations=11 (full 0):
 garbage-first heap   total 526336K, used 38318K [0x0000000085400000, 0x0000000100000000)
  region size 1024K, 26 young (26624K), 26 survivors (26624K)
 Metaspace       used 92382K, capacity 99787K, committed 99996K, reserved 1130496K
  class space    used 14527K, capacity 18489K, committed 18508K, reserved 1048576K
}
Event: 20,367 GC heap before
{Heap before GC invocations=12 (full 0):
 garbage-first heap   total 526336K, used 356782K [0x0000000085400000, 0x0000000100000000)
  region size 1024K, 307 young (314368K), 26 survivors (26624K)
 Metaspace       used 136195K, capacity 146556K, committed 146844K, reserved 1169408K
  class space    used 21001K, capacity 26585K, committed 26700K, reserved 1048576K
}
Event: 20,442 GC heap after
{Heap after GC invocations=13 (full 0):
 garbage-first heap   total 526336K, used 59948K [0x0000000085400000, 0x0000000100000000)
  region size 1024K, 39 young (39936K), 39 survivors (39936K)
 Metaspace       used 136195K, capacity 146556K, committed 146844K, reserved 1169408K
  class space    used 21001K, capacity 26585K, committed 26700K, reserved 1048576K
}
Event: 25,288 GC heap before
{Heap before GC invocations=13 (full 0):
 garbage-first heap   total 526336K, used 336428K [0x0000000085400000, 0x0000000100000000)
  region size 1024K, 307 young (314368K), 39 survivors (39936K)
 Metaspace       used 153672K, capacity 165844K, committed 166044K, reserved 1185792K
  class space    used 23467K, capacity 29913K, committed 30028K, reserved 1048576K
}
Event: 25,331 GC heap after
{Heap after GC invocations=14 (full 0):
 garbage-first heap   total 526336K, used 82906K [0x0000000085400000, 0x0000000100000000)
  region size 1024K, 39 young (39936K), 39 survivors (39936K)
 Metaspace       used 153672K, capacity 165844K, committed 166044K, reserved 1185792K
  class space    used 23467K, capacity 29913K, committed 30028K, reserved 1048576K
}
Event: 25,539 GC heap before
{Heap before GC invocations=14 (full 0):
 garbage-first heap   total 526336K, used 93146K [0x0000000085400000, 0x0000000100000000)
  region size 1024K, 51 young (52224K), 39 survivors (39936K)
 Metaspace       used 154900K, capacity 167032K, committed 167196K, reserved 1185792K
  class space    used 23608K, capacity 30052K, committed 30156K, reserved 1048576K
}
Event: 25,569 GC heap after
{Heap after GC invocations=15 (full 0):
 garbage-first heap   total 526336K, used 84680K [0x0000000085400000, 0x0000000100000000)
  region size 1024K, 4 young (4096K), 4 survivors (4096K)
 Metaspace       used 154900K, capacity 167032K, committed 167196K, reserved 1185792K
  class space    used 23608K, capacity 30052K, committed 30156K, reserved 1048576K
}
Event: 660,572 GC heap before
{Heap before GC invocations=16 (full 0):
 garbage-first heap   total 526336K, used 264904K [0x0000000085400000, 0x0000000100000000)
  region size 1024K, 163 young (166912K), 4 survivors (4096K)
 Metaspace       used 171607K, capacity 185530K, committed 185808K, reserved 1202176K
  class space    used 26629K, capacity 33938K, committed 33996K, reserved 1048576K
}
Event: 663,639 GC heap after
{Heap after GC invocations=17 (full 1):
 garbage-first heap   total 524288K, used 57532K [0x0000000085400000, 0x0000000100000000)
  region size 1024K, 0 young (0K), 0 survivors (0K)
 Metaspace       used 167721K, capacity 180988K, committed 185808K, reserved 1202176K
  class space    used 25985K, capacity 33003K, committed 33996K, reserved 1048576K
}
Event: 663,691 GC heap before
{Heap before GC invocations=17 (full 1):
 garbage-first heap   total 524288K, used 58556K [0x0000000085400000, 0x0000000100000000)
  region size 1024K, 2 young (2048K), 0 survivors (0K)
 Metaspace       used 167724K, capacity 180988K, committed 185808K, reserved 1202176K
  class space    used 25986K, capacity 33003K, committed 33996K, reserved 1048576K
}
Event: 663,952 GC heap after
{Heap after GC invocations=18 (full 2):
 garbage-first heap   total 524288K, used 57414K [0x0000000085400000, 0x0000000100000000)
  region size 1024K, 0 young (0K), 0 survivors (0K)
 Metaspace       used 167724K, capacity 180988K, committed 185808K, reserved 1202176K
  class space    used 25986K, capacity 33003K, committed 33996K, reserved 1048576K
}

