# JRE version: OpenJDK Runtime Environment 18.9 (11.0.13+8) (build 11.0.13+8)
# Java VM: OpenJDK 64-Bit Server VM 18.9 (11.0.13+8, mixed mode, sharing, tiered, compressed oops, g1 gc, linux-amd64)
Heap:
 garbage-first heap   total 524288K, used 176948K [0x0000000085600000, 0x0000000100000000)
  region size 1024K, 110 young (112640K), 0 survivors (0K)
 Metaspace       used 217024K, capacity 234427K, committed 234672K, reserved 1243136K
  class space    used 32221K, capacity 40814K, committed 40960K, reserved 1048576K
GC Heap History (20 events):
Event: 4839,193 GC heap after
{Heap after GC invocations=16 (full 2):
 garbage-first heap   total 524288K, used 70978K [0x0000000085600000, 0x0000000100000000)
  region size 1024K, 15 young (15360K), 15 survivors (15360K)
 Metaspace       used 206112K, capacity 221898K, committed 222000K, reserved 1232896K
  class space    used 31066K, capacity 39292K, committed 39296K, reserved 1048576K
}
Event: 4841,775 GC heap before
{Heap before GC invocations=16 (full 2):
 garbage-first heap   total 524288K, used 166210K [0x0000000085600000, 0x0000000100000000)
  region size 1024K, 108 young (110592K), 15 survivors (15360K)
 Metaspace       used 211817K, capacity 228192K, committed 228528K, reserved 1236992K
  class space    used 31869K, capacity 40335K, committed 40448K, reserved 1048576K
}
Event: 4842,009 GC heap after
{Heap after GC invocations=17 (full 3):
 garbage-first heap   total 524288K, used 61836K [0x0000000085600000, 0x0000000100000000)
  region size 1024K, 0 young (0K), 0 survivors (0K)
 Metaspace       used 211529K, capacity 227749K, committed 228528K, reserved 1236992K
  class space    used 31796K, capacity 40193K, committed 40448K, reserved 1048576K
}
Event: 4842,011 GC heap before
{Heap before GC invocations=17 (full 3):
 garbage-first heap   total 524288K, used 63884K [0x0000000085600000, 0x0000000100000000)
  region size 1024K, 3 young (3072K), 0 survivors (0K)
 Metaspace       used 211529K, capacity 227749K, committed 228528K, reserved 1236992K
  class space    used 31796K, capacity 40193K, committed 40448K, reserved 1048576K
}
Event: 4842,125 GC heap after
{Heap after GC invocations=18 (full 4):
 garbage-first heap   total 524288K, used 61775K [0x0000000085600000, 0x0000000100000000)
  region size 1024K, 0 young (0K), 0 survivors (0K)
 Metaspace       used 211529K, capacity 227749K, committed 228528K, reserved 1236992K
  class space    used 31796K, capacity 40193K, committed 40448K, reserved 1048576K
}
Event: 5499,874 GC heap before
{Heap before GC invocations=18 (full 4):
 garbage-first heap   total 524288K, used 380239K [0x0000000085600000, 0x0000000100000000)
  region size 1024K, 307 young (314368K), 0 survivors (0K)
 Metaspace       used 214587K, capacity 231639K, committed 231856K, reserved 1241088K
  class space    used 32041K, capacity 40619K, committed 40704K, reserved 1048576K
}
Event: 5499,910 GC heap after
{Heap after GC invocations=19 (full 4):
 garbage-first heap   total 524288K, used 68678K [0x0000000085600000, 0x0000000100000000)
  region size 1024K, 3 young (3072K), 3 survivors (3072K)
 Metaspace       used 214587K, capacity 231639K, committed 231856K, reserved 1241088K
  class space    used 32041K, capacity 40619K, committed 40704K, reserved 1048576K
}
Event: 5500,859 GC heap before
{Heap before GC invocations=19 (full 4):
 garbage-first heap   total 524288K, used 379974K [0x0000000085600000, 0x0000000100000000)
  region size 1024K, 307 young (314368K), 3 survivors (3072K)
 Metaspace       used 214676K, capacity 231740K, committed 231856K, reserved 1241088K
  class space    used 32065K, capacity 40658K, committed 40704K, reserved 1048576K
}
Event: 5500,863 GC heap after
{Heap after GC invocations=20 (full 4):
 garbage-first heap   total 524288K, used 68047K [0x0000000085600000, 0x0000000100000000)
  region size 1024K, 3 young (3072K), 3 survivors (3072K)
 Metaspace       used 214676K, capacity 231740K, committed 231856K, reserved 1241088K
  class space    used 32065K, capacity 40658K, committed 40704K, reserved 1048576K
}
Event: 5501,449 GC heap before
{Heap before GC invocations=20 (full 4):
 garbage-first heap   total 524288K, used 379343K [0x0000000085600000, 0x0000000100000000)
  region size 1024K, 307 young (314368K), 3 survivors (3072K)
 Metaspace       used 214678K, capacity 231740K, committed 231856K, reserved 1241088K
  class space    used 32065K, capacity 40658K, committed 40704K, reserved 1048576K
}
Event: 5501,453 GC heap after
{Heap after GC invocations=21 (full 4):
 garbage-first heap   total 524288K, used 67897K [0x0000000085600000, 0x0000000100000000)
  region size 1024K, 2 young (2048K), 2 survivors (2048K)
 Metaspace       used 214678K, capacity 231740K, committed 231856K, reserved 1241088K
  class space    used 32065K, capacity 40658K, committed 40704K, reserved 1048576K
}
Event: 5510,096 GC heap before
{Heap before GC invocations=21 (full 4):
 garbage-first heap   total 524288K, used 270649K [0x0000000085600000, 0x0000000100000000)
  region size 1024K, 201 young (205824K), 2 survivors (2048K)
 Metaspace       used 214855K, capacity 231958K, committed 232112K, reserved 1241088K
  class space    used 32079K, capacity 40703K, committed 40704K, reserved 1048576K
}
Event: 5510,366 GC heap after
{Heap after GC invocations=22 (full 5):
 garbage-first heap   total 524288K, used 62251K [0x0000000085600000, 0x0000000100000000)
  region size 1024K, 0 young (0K), 0 survivors (0K)
 Metaspace       used 214650K, capacity 231564K, committed 232112K, reserved 1241088K
  class space    used 32037K, capacity 40571K, committed 40704K, reserved 1048576K
}
Event: 5510,367 GC heap before
{Heap before GC invocations=22 (full 5):
 garbage-first heap   total 524288K, used 63275K [0x0000000085600000, 0x0000000100000000)
  region size 1024K, 2 young (2048K), 0 survivors (0K)
 Metaspace       used 214650K, capacity 231564K, committed 232112K, reserved 1241088K
  class space    used 32037K, capacity 40571K, committed 40704K, reserved 1048576K
}
Event: 5510,483 GC heap after
{Heap after GC invocations=23 (full 6):
 garbage-first heap   total 524288K, used 62236K [0x0000000085600000, 0x0000000100000000)
  region size 1024K, 0 young (0K), 0 survivors (0K)
 Metaspace       used 214650K, capacity 231564K, committed 232112K, reserved 1241088K
  class space    used 32037K, capacity 40571K, committed 40704K, reserved 1048576K
}
Event: 6292,498 GC heap before
{Heap before GC invocations=23 (full 6):
 garbage-first heap   total 524288K, used 367388K [0x0000000085600000, 0x0000000100000000)
  region size 1024K, 294 young (301056K), 0 survivors (0K)
 Metaspace       used 216810K, capacity 234349K, committed 234416K, reserved 1243136K
  class space    used 32250K, capacity 40902K, committed 40960K, reserved 1048576K
}
Event: 6292,665 GC heap after
{Heap after GC invocations=24 (full 7):
 garbage-first heap   total 524288K, used 62629K [0x0000000085600000, 0x0000000100000000)
  region size 1024K, 0 young (0K), 0 survivors (0K)
 Metaspace       used 216677K, capacity 234092K, committed 234416K, reserved 1243136K
  class space    used 32221K, capacity 40814K, committed 40960K, reserved 1048576K
}
Event: 6292,667 GC heap before
{Heap before GC invocations=24 (full 7):
 garbage-first heap   total 524288K, used 63653K [0x0000000085600000, 0x0000000100000000)
  region size 1024K, 2 young (2048K), 0 survivors (0K)
 Metaspace       used 216678K, capacity 234092K, committed 234416K, reserved 1243136K
  class space    used 32221K, capacity 40814K, committed 40960K, reserved 1048576K
}
Event: 6292,788 GC heap after
{Heap after GC invocations=25 (full 8):
 garbage-first heap   total 524288K, used 62620K [0x0000000085600000, 0x0000000100000000)
  region size 1024K, 0 young (0K), 0 survivors (0K)
 Metaspace       used 216678K, capacity 234092K, committed 234416K, reserved 1243136K
  class space    used 32221K, capacity 40814K, committed 40960K, reserved 1048576K
}
Event: 7250,348 GC heap before
{Heap before GC invocations=25 (full 8):
 garbage-first heap   total 524288K, used 175260K [0x0000000085600000, 0x0000000100000000)
  region size 1024K, 110 young (112640K), 0 survivors (0K)
 Metaspace       used 217024K, capacity 234427K, committed 234672K, reserved 1243136K
  class space    used 32221K, capacity 40814K, committed 40960K, reserved 1048576K
}

