# JRE version: OpenJDK Runtime Environment 18.9 (11.0.13+8) (build 11.0.13+8)
# Java VM: OpenJDK 64-Bit Server VM 18.9 (11.0.13+8, mixed mode, sharing, tiered, compressed oops, parallel gc, linux-amd64)
Heap:
 PSYoungGen      total 622592K, used 18894K [0x00000000d7200000, 0x00000000ffe00000, 0x0000000100000000)
  eden space 578560K, 0% used [0x00000000d7200000,0x00000000d7200000,0x00000000fa700000)
  from space 44032K, 42% used [0x00000000fd300000,0x00000000fe573b68,0x00000000ffe00000)
  to   space 44544K, 0% used [0x00000000fa700000,0x00000000fa700000,0x00000000fd280000)
 ParOldGen       total 167936K, used 166553K [0x0000000085600000, 0x000000008fa00000, 0x00000000d7200000)
  object space 167936K, 99% used [0x0000000085600000,0x000000008f8a66c0,0x000000008fa00000)
 Metaspace       used 102565K, capacity 114612K, committed 114836K, reserved 1146880K
  class space    used 13538K, capacity 17481K, committed 17596K, reserved 1048576K
GC Heap History (20 events):
Event: 4310,905 GC heap after
{Heap after GC invocations=286 (full 10):
 PSYoungGen      total 605184K, used 30815K [0x00000000d7200000, 0x00000000ff100000, 0x0000000100000000)
  eden space 566784K, 0% used [0x00000000d7200000,0x00000000d7200000,0x00000000f9b80000)
  from space 38400K, 80% used [0x00000000f9b80000,0x00000000fb997d40,0x00000000fc100000)
  to   space 39936K, 0% used [0x00000000fca00000,0x00000000fca00000,0x00000000ff100000)
 ParOldGen       total 167936K, used 156183K [0x0000000085600000, 0x000000008fa00000, 0x00000000d7200000)
  object space 167936K, 93% used [0x0000000085600000,0x000000008ee85f40,0x000000008fa00000)
 Metaspace       used 101945K, capacity 113584K, committed 113812K, reserved 1146880K
  class space    used 13422K, capacity 17278K, committed 17340K, reserved 1048576K
}
Event: 4322,574 GC heap before
{Heap before GC invocations=287 (full 10):
 PSYoungGen      total 605184K, used 597599K [0x00000000d7200000, 0x00000000ff100000, 0x0000000100000000)
  eden space 566784K, 100% used [0x00000000d7200000,0x00000000f9b80000,0x00000000f9b80000)
  from space 38400K, 80% used [0x00000000f9b80000,0x00000000fb997d40,0x00000000fc100000)
  to   space 39936K, 0% used [0x00000000fca00000,0x00000000fca00000,0x00000000ff100000)
 ParOldGen       total 167936K, used 156183K [0x0000000085600000, 0x000000008fa00000, 0x00000000d7200000)
  object space 167936K, 93% used [0x0000000085600000,0x000000008ee85f40,0x000000008fa00000)
 Metaspace       used 102020K, capacity 113737K, committed 113812K, reserved 1146880K
  class space    used 13431K, capacity 17294K, committed 17340K, reserved 1048576K
}
Event: 4322,598 GC heap after
{Heap after GC invocations=287 (full 10):
 PSYoungGen      total 613888K, used 30438K [0x00000000d7200000, 0x00000000ff380000, 0x0000000100000000)
  eden space 573952K, 0% used [0x00000000d7200000,0x00000000d7200000,0x00000000fa280000)
  from space 39936K, 76% used [0x00000000fca00000,0x00000000fe7b9b60,0x00000000ff100000)
  to   space 40448K, 0% used [0x00000000fa280000,0x00000000fa280000,0x00000000fca00000)
 ParOldGen       total 167936K, used 157371K [0x0000000085600000, 0x000000008fa00000, 0x00000000d7200000)
  object space 167936K, 93% used [0x0000000085600000,0x000000008efaedb0,0x000000008fa00000)
 Metaspace       used 102020K, capacity 113737K, committed 113812K, reserved 1146880K
  class space    used 13431K, capacity 17294K, committed 17340K, reserved 1048576K
}
Event: 4350,932 GC heap before
{Heap before GC invocations=288 (full 10):
 PSYoungGen      total 613888K, used 604390K [0x00000000d7200000, 0x00000000ff380000, 0x0000000100000000)
  eden space 573952K, 100% used [0x00000000d7200000,0x00000000fa280000,0x00000000fa280000)
  from space 39936K, 76% used [0x00000000fca00000,0x00000000fe7b9b60,0x00000000ff100000)
  to   space 40448K, 0% used [0x00000000fa280000,0x00000000fa280000,0x00000000fca00000)
 ParOldGen       total 167936K, used 157371K [0x0000000085600000, 0x000000008fa00000, 0x00000000d7200000)
  object space 167936K, 93% used [0x0000000085600000,0x000000008efaedb0,0x000000008fa00000)
 Metaspace       used 102068K, capacity 113818K, committed 114068K, reserved 1146880K
  class space    used 13440K, capacity 17310K, committed 17340K, reserved 1048576K
}
Event: 4350,950 GC heap after
{Heap after GC invocations=288 (full 10):
 PSYoungGen      total 614400K, used 33528K [0x00000000d7200000, 0x00000000ffc80000, 0x0000000100000000)
  eden space 573952K, 0% used [0x00000000d7200000,0x00000000d7200000,0x00000000fa280000)
  from space 40448K, 82% used [0x00000000fa280000,0x00000000fc33e260,0x00000000fca00000)
  to   space 41984K, 0% used [0x00000000fd380000,0x00000000fd380000,0x00000000ffc80000)
 ParOldGen       total 167936K, used 158198K [0x0000000085600000, 0x000000008fa00000, 0x00000000d7200000)
  object space 167936K, 94% used [0x0000000085600000,0x000000008f07da10,0x000000008fa00000)
 Metaspace       used 102068K, capacity 113818K, committed 114068K, reserved 1146880K
  class space    used 13440K, capacity 17310K, committed 17340K, reserved 1048576K
}
Event: 4379,415 GC heap before
{Heap before GC invocations=289 (full 10):
 PSYoungGen      total 614400K, used 607480K [0x00000000d7200000, 0x00000000ffc80000, 0x0000000100000000)
  eden space 573952K, 100% used [0x00000000d7200000,0x00000000fa280000,0x00000000fa280000)
  from space 40448K, 82% used [0x00000000fa280000,0x00000000fc33e260,0x00000000fca00000)
  to   space 41984K, 0% used [0x00000000fd380000,0x00000000fd380000,0x00000000ffc80000)
 ParOldGen       total 167936K, used 158198K [0x0000000085600000, 0x000000008fa00000, 0x00000000d7200000)
  object space 167936K, 94% used [0x0000000085600000,0x000000008f07da10,0x000000008fa00000)
 Metaspace       used 102165K, capacity 113978K, committed 114196K, reserved 1146880K
  class space    used 13458K, capacity 17342K, committed 17468K, reserved 1048576K
}
Event: 4379,455 GC heap after
{Heap after GC invocations=289 (full 10):
 PSYoungGen      total 621568K, used 36509K [0x00000000d7200000, 0x0000000100000000, 0x0000000100000000)
  eden space 579584K, 0% used [0x00000000d7200000,0x00000000d7200000,0x00000000fa800000)
  from space 41984K, 86% used [0x00000000fd380000,0x00000000ff727670,0x00000000ffc80000)
  to   space 44544K, 0% used [0x00000000fa800000,0x00000000fa800000,0x00000000fd380000)
 ParOldGen       total 167936K, used 158784K [0x0000000085600000, 0x000000008fa00000, 0x00000000d7200000)
  object space 167936K, 94% used [0x0000000085600000,0x000000008f110188,0x000000008fa00000)
 Metaspace       used 102165K, capacity 113978K, committed 114196K, reserved 1146880K
  class space    used 13458K, capacity 17342K, committed 17468K, reserved 1048576K
}
Event: 4423,039 GC heap before
{Heap before GC invocations=290 (full 10):
 PSYoungGen      total 621568K, used 616093K [0x00000000d7200000, 0x0000000100000000, 0x0000000100000000)
  eden space 579584K, 100% used [0x00000000d7200000,0x00000000fa800000,0x00000000fa800000)
  from space 41984K, 86% used [0x00000000fd380000,0x00000000ff727670,0x00000000ffc80000)
  to   space 44544K, 0% used [0x00000000fa800000,0x00000000fa800000,0x00000000fd380000)
 ParOldGen       total 167936K, used 158784K [0x0000000085600000, 0x000000008fa00000, 0x00000000d7200000)
  object space 167936K, 94% used [0x0000000085600000,0x000000008f110188,0x000000008fa00000)
 Metaspace       used 102212K, capacity 114058K, committed 114196K, reserved 1146880K
  class space    used 13467K, capacity 17358K, committed 17468K, reserved 1048576K
}
Event: 4423,051 GC heap after
{Heap after GC invocations=290 (full 10):
 PSYoungGen      total 624128K, used 19730K [0x00000000d7200000, 0x0000000100000000, 0x0000000100000000)
  eden space 579584K, 0% used [0x00000000d7200000,0x00000000d7200000,0x00000000fa800000)
  from space 44544K, 44% used [0x00000000fa800000,0x00000000fbb44b80,0x00000000fd380000)
  to   space 44032K, 0% used [0x00000000fd500000,0x00000000fd500000,0x0000000100000000)
 ParOldGen       total 167936K, used 159845K [0x0000000085600000, 0x000000008fa00000, 0x00000000d7200000)
  object space 167936K, 95% used [0x0000000085600000,0x000000008f2194f0,0x000000008fa00000)
 Metaspace       used 102212K, capacity 114058K, committed 114196K, reserved 1146880K
  class space    used 13467K, capacity 17358K, committed 17468K, reserved 1048576K
}
Event: 4431,617 GC heap before
{Heap before GC invocations=291 (full 10):
 PSYoungGen      total 624128K, used 599314K [0x00000000d7200000, 0x0000000100000000, 0x0000000100000000)
  eden space 579584K, 100% used [0x00000000d7200000,0x00000000fa800000,0x00000000fa800000)
  from space 44544K, 44% used [0x00000000fa800000,0x00000000fbb44b80,0x00000000fd380000)
  to   space 44032K, 0% used [0x00000000fd500000,0x00000000fd500000,0x0000000100000000)
 ParOldGen       total 167936K, used 159845K [0x0000000085600000, 0x000000008fa00000, 0x00000000d7200000)
  object space 167936K, 95% used [0x0000000085600000,0x000000008f2194f0,0x000000008fa00000)
 Metaspace       used 102305K, capacity 114191K, committed 114452K, reserved 1146880K
  class space    used 13492K, capacity 17399K, committed 17468K, reserved 1048576K
}
Event: 4431,628 GC heap after
{Heap after GC invocations=291 (full 10):
 PSYoungGen      total 623616K, used 16867K [0x00000000d7200000, 0x00000000ffe80000, 0x0000000100000000)
  eden space 581120K, 0% used [0x00000000d7200000,0x00000000d7200000,0x00000000fa980000)
  from space 42496K, 39% used [0x00000000fd500000,0x00000000fe578da8,0x00000000ffe80000)
  to   space 43520K, 0% used [0x00000000fa980000,0x00000000fa980000,0x00000000fd400000)
 ParOldGen       total 167936K, used 161127K [0x0000000085600000, 0x000000008fa00000, 0x00000000d7200000)
  object space 167936K, 95% used [0x0000000085600000,0x000000008f359cd0,0x000000008fa00000)
 Metaspace       used 102305K, capacity 114191K, committed 114452K, reserved 1146880K
  class space    used 13492K, capacity 17399K, committed 17468K, reserved 1048576K
}
Event: 4441,127 GC heap before
{Heap before GC invocations=292 (full 10):
 PSYoungGen      total 623616K, used 597987K [0x00000000d7200000, 0x00000000ffe80000, 0x0000000100000000)
  eden space 581120K, 100% used [0x00000000d7200000,0x00000000fa980000,0x00000000fa980000)
  from space 42496K, 39% used [0x00000000fd500000,0x00000000fe578da8,0x00000000ffe80000)
  to   space 43520K, 0% used [0x00000000fa980000,0x00000000fa980000,0x00000000fd400000)
 ParOldGen       total 167936K, used 161127K [0x0000000085600000, 0x000000008fa00000, 0x00000000d7200000)
  object space 167936K, 95% used [0x0000000085600000,0x000000008f359cd0,0x000000008fa00000)
 Metaspace       used 102348K, capacity 114253K, committed 114452K, reserved 1146880K
  class space    used 13499K, capacity 17411K, committed 17468K, reserved 1048576K
}
Event: 4441,165 GC heap after
{Heap after GC invocations=292 (full 10):
 PSYoungGen      total 617984K, used 36801K [0x00000000d7200000, 0x0000000100000000, 0x0000000100000000)
  eden space 581120K, 0% used [0x00000000d7200000,0x00000000d7200000,0x00000000fa980000)
  from space 36864K, 99% used [0x00000000fa980000,0x00000000fcd706d0,0x00000000fcd80000)
  to   space 46080K, 0% used [0x00000000fd300000,0x00000000fd300000,0x0000000100000000)
 ParOldGen       total 167936K, used 161969K [0x0000000085600000, 0x000000008fa00000, 0x00000000d7200000)
  object space 167936K, 96% used [0x0000000085600000,0x000000008f42c6b8,0x000000008fa00000)
 Metaspace       used 102348K, capacity 114253K, committed 114452K, reserved 1146880K
  class space    used 13499K, capacity 17411K, committed 17468K, reserved 1048576K
}
Event: 4456,311 GC heap before
{Heap before GC invocations=293 (full 10):
 PSYoungGen      total 617984K, used 617921K [0x00000000d7200000, 0x0000000100000000, 0x0000000100000000)
  eden space 581120K, 100% used [0x00000000d7200000,0x00000000fa980000,0x00000000fa980000)
  from space 36864K, 99% used [0x00000000fa980000,0x00000000fcd706d0,0x00000000fcd80000)
  to   space 46080K, 0% used [0x00000000fd300000,0x00000000fd300000,0x0000000100000000)
 ParOldGen       total 167936K, used 161969K [0x0000000085600000, 0x000000008fa00000, 0x00000000d7200000)
  object space 167936K, 96% used [0x0000000085600000,0x000000008f42c6b8,0x000000008fa00000)
 Metaspace       used 102416K, capacity 114362K, committed 114452K, reserved 1146880K
  class space    used 13510K, capacity 17431K, committed 17468K, reserved 1048576K
}
Event: 4456,324 GC heap after
{Heap after GC invocations=293 (full 10):
 PSYoungGen      total 624128K, used 18448K [0x00000000d7200000, 0x0000000100000000, 0x0000000100000000)
  eden space 578048K, 0% used [0x00000000d7200000,0x00000000d7200000,0x00000000fa680000)
  from space 46080K, 40% used [0x00000000fd300000,0x00000000fe5043c0,0x0000000100000000)
  to   space 45568K, 0% used [0x00000000fa680000,0x00000000fa680000,0x00000000fd300000)
 ParOldGen       total 167936K, used 163463K [0x0000000085600000, 0x000000008fa00000, 0x00000000d7200000)
  object space 167936K, 97% used [0x0000000085600000,0x000000008f5a1e50,0x000000008fa00000)
 Metaspace       used 102416K, capacity 114362K, committed 114452K, reserved 1146880K
  class space    used 13510K, capacity 17431K, committed 17468K, reserved 1048576K
}
Event: 4496,516 GC heap before
{Heap before GC invocations=294 (full 10):
 PSYoungGen      total 624128K, used 596496K [0x00000000d7200000, 0x0000000100000000, 0x0000000100000000)
  eden space 578048K, 100% used [0x00000000d7200000,0x00000000fa680000,0x00000000fa680000)
  from space 46080K, 40% used [0x00000000fd300000,0x00000000fe5043c0,0x0000000100000000)
  to   space 45568K, 0% used [0x00000000fa680000,0x00000000fa680000,0x00000000fd300000)
 ParOldGen       total 167936K, used 163463K [0x0000000085600000, 0x000000008fa00000, 0x00000000d7200000)
  object space 167936K, 97% used [0x0000000085600000,0x000000008f5a1e50,0x000000008fa00000)
 Metaspace       used 102476K, capacity 114462K, committed 114708K, reserved 1146880K
  class space    used 13521K, capacity 17451K, committed 17468K, reserved 1048576K
}
Event: 4496,526 GC heap after
{Heap after GC invocations=294 (full 10):
 PSYoungGen      total 623616K, used 14399K [0x00000000d7200000, 0x00000000fff80000, 0x0000000100000000)
  eden space 578048K, 0% used [0x00000000d7200000,0x00000000d7200000,0x00000000fa680000)
  from space 45568K, 31% used [0x00000000fa680000,0x00000000fb48fe20,0x00000000fd300000)
  to   space 45568K, 0% used [0x00000000fd300000,0x00000000fd300000,0x00000000fff80000)
 ParOldGen       total 167936K, used 165044K [0x0000000085600000, 0x000000008fa00000, 0x00000000d7200000)
  object space 167936K, 98% used [0x0000000085600000,0x000000008f72d320,0x000000008fa00000)
 Metaspace       used 102476K, capacity 114462K, committed 114708K, reserved 1146880K
  class space    used 13521K, capacity 17451K, committed 17468K, reserved 1048576K
}
Event: 4515,403 GC heap before
{Heap before GC invocations=295 (full 10):
 PSYoungGen      total 623616K, used 592447K [0x00000000d7200000, 0x00000000fff80000, 0x0000000100000000)
  eden space 578048K, 100% used [0x00000000d7200000,0x00000000fa680000,0x00000000fa680000)
  from space 45568K, 31% used [0x00000000fa680000,0x00000000fb48fe20,0x00000000fd300000)
  to   space 45568K, 0% used [0x00000000fd300000,0x00000000fd300000,0x00000000fff80000)
 ParOldGen       total 167936K, used 165044K [0x0000000085600000, 0x000000008fa00000, 0x00000000d7200000)
  object space 167936K, 98% used [0x0000000085600000,0x000000008f72d320,0x000000008fa00000)
 Metaspace       used 102565K, capacity 114612K, committed 114836K, reserved 1146880K
  class space    used 13538K, capacity 17481K, committed 17596K, reserved 1048576K
}
Event: 4515,413 GC heap after
{Heap after GC invocations=295 (full 10):
 PSYoungGen      total 622592K, used 18894K [0x00000000d7200000, 0x00000000ffe00000, 0x0000000100000000)
  eden space 578560K, 0% used [0x00000000d7200000,0x00000000d7200000,0x00000000fa700000)
  from space 44032K, 42% used [0x00000000fd300000,0x00000000fe573b68,0x00000000ffe00000)
  to   space 44544K, 0% used [0x00000000fa700000,0x00000000fa700000,0x00000000fd280000)
 ParOldGen       total 167936K, used 166553K [0x0000000085600000, 0x000000008fa00000, 0x00000000d7200000)
  object space 167936K, 99% used [0x0000000085600000,0x000000008f8a66c0,0x000000008fa00000)
 Metaspace       used 102565K, capacity 114612K, committed 114836K, reserved 1146880K
  class space    used 13538K, capacity 17481K, committed 17596K, reserved 1048576K
}
Event: 4515,487 GC heap before
{Heap before GC invocations=296 (full 11):
 PSYoungGen      total 622592K, used 18894K [0x00000000d7200000, 0x00000000ffe00000, 0x0000000100000000)
  eden space 578560K, 0% used [0x00000000d7200000,0x00000000d7200000,0x00000000fa700000)
  from space 44032K, 42% used [0x00000000fd300000,0x00000000fe573b68,0x00000000ffe00000)
  to   space 44544K, 0% used [0x00000000fa700000,0x00000000fa700000,0x00000000fd280000)
 ParOldGen       total 167936K, used 166553K [0x0000000085600000, 0x000000008fa00000, 0x00000000d7200000)
  object space 167936K, 99% used [0x0000000085600000,0x000000008f8a66c0,0x000000008fa00000)
 Metaspace       used 102565K, capacity 114612K, committed 114836K, reserved 1146880K
  class space    used 13538K, capacity 17481K, committed 17596K, reserved 1048576K
}

