# JRE version: OpenJDK Runtime Environment 18.9 (11.0.13+8) (build 11.0.13+8)
# Java VM: OpenJDK 64-Bit Server VM 18.9 (11.0.13+8, mixed mode, sharing, tiered, compressed oops, parallel gc, linux-amd64)
Heap:
 PSYoungGen      total 301056K, used 20252K [0x00000000d7200000, 0x00000000ed200000, 0x0000000100000000)
  eden space 241152K, 0% used [0x00000000d7200000,0x00000000d7200000,0x00000000e5d80000)
  from space 59904K, 33% used [0x00000000e9780000,0x00000000eab47340,0x00000000ed200000)
  to   space 59392K, 0% used [0x00000000e5d80000,0x00000000e5d80000,0x00000000e9780000)
 ParOldGen       total 144896K, used 144435K [0x0000000085600000, 0x000000008e380000, 0x00000000d7200000)
  object space 144896K, 99% used [0x0000000085600000,0x000000008e30cf58,0x000000008e380000)
 Metaspace       used 104745K, capacity 115651K, committed 115864K, reserved 1146880K
  class space    used 13766K, capacity 17549K, committed 17664K, reserved 1048576K
GC Heap History (20 events):
Event: 4957,158 GC heap after
{Heap after GC invocations=350 (full 11):
 PSYoungGen      total 285184K, used 40394K [0x00000000d7200000, 0x00000000ec800000, 0x0000000100000000)
  eden space 227328K, 0% used [0x00000000d7200000,0x00000000d7200000,0x00000000e5000000)
  from space 57856K, 69% used [0x00000000e5000000,0x00000000e7772b60,0x00000000e8880000)
  to   space 60416K, 0% used [0x00000000e8d00000,0x00000000e8d00000,0x00000000ec800000)
 ParOldGen       total 144896K, used 116747K [0x0000000085600000, 0x000000008e380000, 0x00000000d7200000)
  object space 144896K, 80% used [0x0000000085600000,0x000000008c802c00,0x000000008e380000)
 Metaspace       used 104397K, capacity 115085K, committed 115224K, reserved 1146880K
  class space    used 13704K, capacity 17437K, committed 17536K, reserved 1048576K
}
Event: 4962,512 GC heap before
{Heap before GC invocations=351 (full 11):
 PSYoungGen      total 285184K, used 267722K [0x00000000d7200000, 0x00000000ec800000, 0x0000000100000000)
  eden space 227328K, 100% used [0x00000000d7200000,0x00000000e5000000,0x00000000e5000000)
  from space 57856K, 69% used [0x00000000e5000000,0x00000000e7772b60,0x00000000e8880000)
  to   space 60416K, 0% used [0x00000000e8d00000,0x00000000e8d00000,0x00000000ec800000)
 ParOldGen       total 144896K, used 116747K [0x0000000085600000, 0x000000008e380000, 0x00000000d7200000)
  object space 144896K, 80% used [0x0000000085600000,0x000000008c802c00,0x000000008e380000)
 Metaspace       used 104446K, capacity 115156K, committed 115480K, reserved 1146880K
  class space    used 13712K, capacity 17451K, committed 17536K, reserved 1048576K
}
Event: 4962,542 GC heap after
{Heap after GC invocations=351 (full 11):
 PSYoungGen      total 287744K, used 41895K [0x00000000d7200000, 0x00000000ecd80000, 0x0000000100000000)
  eden space 227328K, 0% used [0x00000000d7200000,0x00000000d7200000,0x00000000e5000000)
  from space 60416K, 69% used [0x00000000e8d00000,0x00000000eb5e9e28,0x00000000ec800000)
  to   space 62464K, 0% used [0x00000000e5000000,0x00000000e5000000,0x00000000e8d00000)
 ParOldGen       total 144896K, used 117240K [0x0000000085600000, 0x000000008e380000, 0x00000000d7200000)
  object space 144896K, 80% used [0x0000000085600000,0x000000008c87e1f0,0x000000008e380000)
 Metaspace       used 104446K, capacity 115156K, committed 115480K, reserved 1146880K
  class space    used 13712K, capacity 17451K, committed 17536K, reserved 1048576K
}
Event: 4969,162 GC heap before
{Heap before GC invocations=352 (full 11):
 PSYoungGen      total 287744K, used 269223K [0x00000000d7200000, 0x00000000ecd80000, 0x0000000100000000)
  eden space 227328K, 100% used [0x00000000d7200000,0x00000000e5000000,0x00000000e5000000)
  from space 60416K, 69% used [0x00000000e8d00000,0x00000000eb5e9e28,0x00000000ec800000)
  to   space 62464K, 0% used [0x00000000e5000000,0x00000000e5000000,0x00000000e8d00000)
 ParOldGen       total 144896K, used 117240K [0x0000000085600000, 0x000000008e380000, 0x00000000d7200000)
  object space 144896K, 80% used [0x0000000085600000,0x000000008c87e1f0,0x000000008e380000)
 Metaspace       used 104487K, capacity 115226K, committed 115480K, reserved 1146880K
  class space    used 13720K, capacity 17465K, committed 17536K, reserved 1048576K
}
Event: 4969,180 GC heap after
{Heap after GC invocations=352 (full 11):
 PSYoungGen      total 289792K, used 35558K [0x00000000d7200000, 0x00000000ecc80000, 0x0000000100000000)
  eden space 227328K, 0% used [0x00000000d7200000,0x00000000d7200000,0x00000000e5000000)
  from space 62464K, 56% used [0x00000000e5000000,0x00000000e72b9b50,0x00000000e8d00000)
  to   space 61952K, 0% used [0x00000000e9000000,0x00000000e9000000,0x00000000ecc80000)
 ParOldGen       total 144896K, used 117794K [0x0000000085600000, 0x000000008e380000, 0x00000000d7200000)
  object space 144896K, 81% used [0x0000000085600000,0x000000008c908b60,0x000000008e380000)
 Metaspace       used 104487K, capacity 115226K, committed 115480K, reserved 1146880K
  class space    used 13720K, capacity 17465K, committed 17536K, reserved 1048576K
}
Event: 5066,024 GC heap before
{Heap before GC invocations=353 (full 11):
 PSYoungGen      total 289792K, used 262886K [0x00000000d7200000, 0x00000000ecc80000, 0x0000000100000000)
  eden space 227328K, 100% used [0x00000000d7200000,0x00000000e5000000,0x00000000e5000000)
  from space 62464K, 56% used [0x00000000e5000000,0x00000000e72b9b50,0x00000000e8d00000)
  to   space 61952K, 0% used [0x00000000e9000000,0x00000000e9000000,0x00000000ecc80000)
 ParOldGen       total 144896K, used 117794K [0x0000000085600000, 0x000000008e380000, 0x00000000d7200000)
  object space 144896K, 81% used [0x0000000085600000,0x000000008c908b60,0x000000008e380000)
 Metaspace       used 104536K, capacity 115310K, committed 115480K, reserved 1146880K
  class space    used 13729K, capacity 17481K, committed 17536K, reserved 1048576K
}
Event: 5066,044 GC heap after
{Heap after GC invocations=353 (full 11):
 PSYoungGen      total 292352K, used 40408K [0x00000000d7200000, 0x00000000ecd00000, 0x0000000100000000)
  eden space 230400K, 0% used [0x00000000d7200000,0x00000000d7200000,0x00000000e5300000)
  from space 61952K, 65% used [0x00000000e9000000,0x00000000eb776298,0x00000000ecc80000)
  to   space 62464K, 0% used [0x00000000e5300000,0x00000000e5300000,0x00000000e9000000)
 ParOldGen       total 144896K, used 118292K [0x0000000085600000, 0x000000008e380000, 0x00000000d7200000)
  object space 144896K, 81% used [0x0000000085600000,0x000000008c9853d0,0x000000008e380000)
 Metaspace       used 104536K, capacity 115310K, committed 115480K, reserved 1146880K
  class space    used 13729K, capacity 17481K, committed 17536K, reserved 1048576K
}
Event: 5080,717 GC heap before
{Heap before GC invocations=354 (full 11):
 PSYoungGen      total 292352K, used 270808K [0x00000000d7200000, 0x00000000ecd00000, 0x0000000100000000)
  eden space 230400K, 100% used [0x00000000d7200000,0x00000000e5300000,0x00000000e5300000)
  from space 61952K, 65% used [0x00000000e9000000,0x00000000eb776298,0x00000000ecc80000)
  to   space 62464K, 0% used [0x00000000e5300000,0x00000000e5300000,0x00000000e9000000)
 ParOldGen       total 144896K, used 118292K [0x0000000085600000, 0x000000008e380000, 0x00000000d7200000)
  object space 144896K, 81% used [0x0000000085600000,0x000000008c9853d0,0x000000008e380000)
 Metaspace       used 104577K, capacity 115380K, committed 115480K, reserved 1146880K
  class space    used 13736K, capacity 17495K, committed 17536K, reserved 1048576K
}
Event: 5080,740 GC heap after
{Heap after GC invocations=354 (full 11):
 PSYoungGen      total 292864K, used 42986K [0x00000000d7200000, 0x00000000ed280000, 0x0000000100000000)
  eden space 230400K, 0% used [0x00000000d7200000,0x00000000d7200000,0x00000000e5300000)
  from space 62464K, 68% used [0x00000000e5300000,0x00000000e7cfa820,0x00000000e9000000)
  to   space 64000K, 0% used [0x00000000e9400000,0x00000000e9400000,0x00000000ed280000)
 ParOldGen       total 144896K, used 118833K [0x0000000085600000, 0x000000008e380000, 0x00000000d7200000)
  object space 144896K, 82% used [0x0000000085600000,0x000000008ca0c720,0x000000008e380000)
 Metaspace       used 104577K, capacity 115380K, committed 115480K, reserved 1146880K
  class space    used 13736K, capacity 17495K, committed 17536K, reserved 1048576K
}
Event: 5090,746 GC heap before
{Heap before GC invocations=355 (full 11):
 PSYoungGen      total 292864K, used 273386K [0x00000000d7200000, 0x00000000ed280000, 0x0000000100000000)
  eden space 230400K, 100% used [0x00000000d7200000,0x00000000e5300000,0x00000000e5300000)
  from space 62464K, 68% used [0x00000000e5300000,0x00000000e7cfa820,0x00000000e9000000)
  to   space 64000K, 0% used [0x00000000e9400000,0x00000000e9400000,0x00000000ed280000)
 ParOldGen       total 144896K, used 118833K [0x0000000085600000, 0x000000008e380000, 0x00000000d7200000)
  object space 144896K, 82% used [0x0000000085600000,0x000000008ca0c720,0x000000008e380000)
 Metaspace       used 104603K, capacity 115421K, committed 115480K, reserved 1146880K
  class space    used 13741K, capacity 17503K, committed 17536K, reserved 1048576K
}
Event: 5090,765 GC heap after
{Heap after GC invocations=355 (full 11):
 PSYoungGen      total 294912K, used 37218K [0x00000000d7200000, 0x00000000ed080000, 0x0000000100000000)
  eden space 232960K, 0% used [0x00000000d7200000,0x00000000d7200000,0x00000000e5580000)
  from space 61952K, 60% used [0x00000000e9400000,0x00000000eb8588b0,0x00000000ed080000)
  to   space 62976K, 0% used [0x00000000e5580000,0x00000000e5580000,0x00000000e9300000)
 ParOldGen       total 144896K, used 119215K [0x0000000085600000, 0x000000008e380000, 0x00000000d7200000)
  object space 144896K, 82% used [0x0000000085600000,0x000000008ca6be40,0x000000008e380000)
 Metaspace       used 104603K, capacity 115421K, committed 115480K, reserved 1146880K
  class space    used 13741K, capacity 17503K, committed 17536K, reserved 1048576K
}
Event: 5097,492 GC heap before
{Heap before GC invocations=356 (full 11):
 PSYoungGen      total 294912K, used 270178K [0x00000000d7200000, 0x00000000ed080000, 0x0000000100000000)
  eden space 232960K, 100% used [0x00000000d7200000,0x00000000e5580000,0x00000000e5580000)
  from space 61952K, 60% used [0x00000000e9400000,0x00000000eb8588b0,0x00000000ed080000)
  to   space 62976K, 0% used [0x00000000e5580000,0x00000000e5580000,0x00000000e9300000)
 ParOldGen       total 144896K, used 119215K [0x0000000085600000, 0x000000008e380000, 0x00000000d7200000)
  object space 144896K, 82% used [0x0000000085600000,0x000000008ca6be40,0x000000008e380000)
 Metaspace       used 104645K, capacity 115491K, committed 115736K, reserved 1146880K
  class space    used 13749K, capacity 17517K, committed 17536K, reserved 1048576K
}
Event: 5097,523 GC heap after
{Heap after GC invocations=356 (full 11):
 PSYoungGen      total 295936K, used 37250K [0x00000000d7200000, 0x00000000ed200000, 0x0000000100000000)
  eden space 232960K, 0% used [0x00000000d7200000,0x00000000d7200000,0x00000000e5580000)
  from space 62976K, 59% used [0x00000000e5580000,0x00000000e79e0820,0x00000000e9300000)
  to   space 61952K, 0% used [0x00000000e9580000,0x00000000e9580000,0x00000000ed200000)
 ParOldGen       total 144896K, used 119489K [0x0000000085600000, 0x000000008e380000, 0x00000000d7200000)
  object space 144896K, 82% used [0x0000000085600000,0x000000008cab0540,0x000000008e380000)
 Metaspace       used 104645K, capacity 115491K, committed 115736K, reserved 1146880K
  class space    used 13749K, capacity 17517K, committed 17536K, reserved 1048576K
}
Event: 5104,734 GC heap before
{Heap before GC invocations=357 (full 11):
 PSYoungGen      total 295936K, used 270210K [0x00000000d7200000, 0x00000000ed200000, 0x0000000100000000)
  eden space 232960K, 100% used [0x00000000d7200000,0x00000000e5580000,0x00000000e5580000)
  from space 62976K, 59% used [0x00000000e5580000,0x00000000e79e0820,0x00000000e9300000)
  to   space 61952K, 0% used [0x00000000e9580000,0x00000000e9580000,0x00000000ed200000)
 ParOldGen       total 144896K, used 119489K [0x0000000085600000, 0x000000008e380000, 0x00000000d7200000)
  object space 144896K, 82% used [0x0000000085600000,0x000000008cab0540,0x000000008e380000)
 Metaspace       used 104692K, capacity 115561K, committed 115736K, reserved 1146880K
  class space    used 13756K, capacity 17531K, committed 17536K, reserved 1048576K
}
Event: 5104,755 GC heap after
{Heap after GC invocations=357 (full 11):
 PSYoungGen      total 297472K, used 37632K [0x00000000d7200000, 0x00000000ed080000, 0x0000000100000000)
  eden space 237056K, 0% used [0x00000000d7200000,0x00000000d7200000,0x00000000e5980000)
  from space 60416K, 62% used [0x00000000e9580000,0x00000000eba403e0,0x00000000ed080000)
  to   space 60928K, 0% used [0x00000000e5980000,0x00000000e5980000,0x00000000e9500000)
 ParOldGen       total 144896K, used 119883K [0x0000000085600000, 0x000000008e380000, 0x00000000d7200000)
  object space 144896K, 82% used [0x0000000085600000,0x000000008cb12cc8,0x000000008e380000)
 Metaspace       used 104692K, capacity 115561K, committed 115736K, reserved 1146880K
  class space    used 13756K, capacity 17531K, committed 17536K, reserved 1048576K
}
Event: 5123,246 GC heap before
{Heap before GC invocations=358 (full 11):
 PSYoungGen      total 297472K, used 274688K [0x00000000d7200000, 0x00000000ed080000, 0x0000000100000000)
  eden space 237056K, 100% used [0x00000000d7200000,0x00000000e5980000,0x00000000e5980000)
  from space 60416K, 62% used [0x00000000e9580000,0x00000000eba403e0,0x00000000ed080000)
  to   space 60928K, 0% used [0x00000000e5980000,0x00000000e5980000,0x00000000e9500000)
 ParOldGen       total 144896K, used 119883K [0x0000000085600000, 0x000000008e380000, 0x00000000d7200000)
  object space 144896K, 82% used [0x0000000085600000,0x000000008cb12cc8,0x000000008e380000)
 Metaspace       used 104728K, capacity 115621K, committed 115864K, reserved 1146880K
  class space    used 13763K, capacity 17543K, committed 17664K, reserved 1048576K
}
Event: 5123,283 GC heap after
{Heap after GC invocations=358 (full 11):
 PSYoungGen      total 297984K, used 21578K [0x00000000d7200000, 0x00000000ed200000, 0x0000000100000000)
  eden space 237056K, 0% used [0x00000000d7200000,0x00000000d7200000,0x00000000e5980000)
  from space 60928K, 35% used [0x00000000e5980000,0x00000000e6e928a0,0x00000000e9500000)
  to   space 59904K, 0% used [0x00000000e9780000,0x00000000e9780000,0x00000000ed200000)
 ParOldGen       total 144896K, used 136383K [0x0000000085600000, 0x000000008e380000, 0x00000000d7200000)
  object space 144896K, 94% used [0x0000000085600000,0x000000008db2fd08,0x000000008e380000)
 Metaspace       used 104728K, capacity 115621K, committed 115864K, reserved 1146880K
  class space    used 13763K, capacity 17543K, committed 17664K, reserved 1048576K
}
Event: 5128,087 GC heap before
{Heap before GC invocations=359 (full 11):
 PSYoungGen      total 297984K, used 258634K [0x00000000d7200000, 0x00000000ed200000, 0x0000000100000000)
  eden space 237056K, 100% used [0x00000000d7200000,0x00000000e5980000,0x00000000e5980000)
  from space 60928K, 35% used [0x00000000e5980000,0x00000000e6e928a0,0x00000000e9500000)
  to   space 59904K, 0% used [0x00000000e9780000,0x00000000e9780000,0x00000000ed200000)
 ParOldGen       total 144896K, used 136383K [0x0000000085600000, 0x000000008e380000, 0x00000000d7200000)
  object space 144896K, 94% used [0x0000000085600000,0x000000008db2fd08,0x000000008e380000)
 Metaspace       used 104745K, capacity 115651K, committed 115864K, reserved 1146880K
  class space    used 13766K, capacity 17549K, committed 17664K, reserved 1048576K
}
Event: 5128,110 GC heap after
{Heap after GC invocations=359 (full 11):
 PSYoungGen      total 301056K, used 20252K [0x00000000d7200000, 0x00000000ed200000, 0x0000000100000000)
  eden space 241152K, 0% used [0x00000000d7200000,0x00000000d7200000,0x00000000e5d80000)
  from space 59904K, 33% used [0x00000000e9780000,0x00000000eab47340,0x00000000ed200000)
  to   space 59392K, 0% used [0x00000000e5d80000,0x00000000e5d80000,0x00000000e9780000)
 ParOldGen       total 144896K, used 144435K [0x0000000085600000, 0x000000008e380000, 0x00000000d7200000)
  object space 144896K, 99% used [0x0000000085600000,0x000000008e30cf58,0x000000008e380000)
 Metaspace       used 104745K, capacity 115651K, committed 115864K, reserved 1146880K
  class space    used 13766K, capacity 17549K, committed 17664K, reserved 1048576K
}
Event: 5128,113 GC heap before
{Heap before GC invocations=360 (full 12):
 PSYoungGen      total 301056K, used 20252K [0x00000000d7200000, 0x00000000ed200000, 0x0000000100000000)
  eden space 241152K, 0% used [0x00000000d7200000,0x00000000d7200000,0x00000000e5d80000)
  from space 59904K, 33% used [0x00000000e9780000,0x00000000eab47340,0x00000000ed200000)
  to   space 59392K, 0% used [0x00000000e5d80000,0x00000000e5d80000,0x00000000e9780000)
 ParOldGen       total 144896K, used 144435K [0x0000000085600000, 0x000000008e380000, 0x00000000d7200000)
  object space 144896K, 99% used [0x0000000085600000,0x000000008e30cf58,0x000000008e380000)
 Metaspace       used 104745K, capacity 115651K, committed 115864K, reserved 1146880K
  class space    used 13766K, capacity 17549K, committed 17664K, reserved 1048576K
}

