# JRE version: OpenJDK Runtime Environment 18.9 (11.0.13+8) (build 11.0.13+8)
# Java VM: OpenJDK 64-Bit Server VM 18.9 (11.0.13+8, mixed mode, sharing, tiered, compressed oops, g1 gc, linux-amd64)
Heap:
 garbage-first heap   total 524288K, used 167323K [0x0000000085600000, 0x0000000100000000)
  region size 1024K, 100 young (102400K), 0 survivors (0K)
 Metaspace       used 214574K, capacity 231757K, committed 236560K, reserved 1245184K
  class space    used 31966K, capacity 40578K, committed 41984K, reserved 1048576K
GC Heap History (20 events):
Event: 13,152 GC heap before
{Heap before GC invocations=11 (full 0):
 garbage-first heap   total 526336K, used 364990K [0x0000000085600000, 0x0000000100000000)
  region size 1024K, 307 young (314368K), 18 survivors (18432K)
 Metaspace       used 136055K, capacity 146420K, committed 146576K, reserved 1169408K
  class space    used 20862K, capacity 26399K, committed 26496K, reserved 1048576K
}
Event: 13,189 GC heap after
{Heap after GC invocations=12 (full 0):
 garbage-first heap   total 526336K, used 60272K [0x0000000085600000, 0x0000000100000000)
  region size 1024K, 39 young (39936K), 39 survivors (39936K)
 Metaspace       used 136055K, capacity 146420K, committed 146576K, reserved 1169408K
  class space    used 20862K, capacity 26399K, committed 26496K, reserved 1048576K
}
Event: 16,733 GC heap before
{Heap before GC invocations=13 (full 0):
 garbage-first heap   total 526336K, used 336752K [0x0000000085600000, 0x0000000100000000)
  region size 1024K, 307 young (314368K), 39 survivors (39936K)
 Metaspace       used 154270K, capacity 166338K, committed 166544K, reserved 1185792K
  class space    used 23359K, capacity 29763K, committed 29824K, reserved 1048576K
}
Event: 16,775 GC heap after
{Heap after GC invocations=14 (full 0):
 garbage-first heap   total 526336K, used 83470K [0x0000000085600000, 0x0000000100000000)
  region size 1024K, 39 young (39936K), 39 survivors (39936K)
 Metaspace       used 154270K, capacity 166338K, committed 166544K, reserved 1185792K
  class space    used 23359K, capacity 29763K, committed 29824K, reserved 1048576K
}
Event: 20,656 GC heap before
{Heap before GC invocations=14 (full 0):
 garbage-first heap   total 526336K, used 333326K [0x0000000085600000, 0x0000000100000000)
  region size 1024K, 257 young (263168K), 39 survivors (39936K)
 Metaspace       used 188537K, capacity 203104K, committed 203408K, reserved 1216512K
  class space    used 28751K, capacity 36396K, committed 36480K, reserved 1048576K
}
Event: 20,697 GC heap after
{Heap after GC invocations=15 (full 0):
 garbage-first heap   total 526336K, used 98179K [0x0000000085600000, 0x0000000100000000)
  region size 1024K, 16 young (16384K), 16 survivors (16384K)
 Metaspace       used 188537K, capacity 203104K, committed 203408K, reserved 1216512K
  class space    used 28751K, capacity 36396K, committed 36480K, reserved 1048576K
}
Event: 321,745 GC heap before
{Heap before GC invocations=15 (full 0):
 garbage-first heap   total 526336K, used 367491K [0x0000000085600000, 0x0000000100000000)
  region size 1024K, 277 young (283648K), 16 survivors (16384K)
 Metaspace       used 217316K, capacity 234960K, committed 235280K, reserved 1243136K
  class space    used 32814K, capacity 41897K, committed 41984K, reserved 1048576K
}
Event: 321,786 GC heap after
{Heap after GC invocations=16 (full 0):
 garbage-first heap   total 526336K, used 103811K [0x0000000085600000, 0x0000000100000000)
  region size 1024K, 18 young (18432K), 18 survivors (18432K)
 Metaspace       used 217316K, capacity 234960K, committed 235280K, reserved 1243136K
  class space    used 32814K, capacity 41897K, committed 41984K, reserved 1048576K
}
Event: 813,742 GC heap before
{Heap before GC invocations=16 (full 0):
 garbage-first heap   total 526336K, used 204163K [0x0000000085600000, 0x0000000100000000)
  region size 1024K, 115 young (117760K), 18 survivors (18432K)
 Metaspace       used 218434K, capacity 236256K, committed 236560K, reserved 1245184K
  class space    used 32818K, capacity 41901K, committed 41984K, reserved 1048576K
}
Event: 814,171 GC heap after
{Heap after GC invocations=17 (full 1):
 garbage-first heap   total 524288K, used 67817K [0x0000000085600000, 0x0000000100000000)
  region size 1024K, 0 young (0K), 0 survivors (0K)
 Metaspace       used 212199K, capacity 228937K, committed 236560K, reserved 1245184K
  class space    used 31668K, capacity 40206K, committed 41984K, reserved 1048576K
}
Event: 814,173 GC heap before
{Heap before GC invocations=17 (full 1):
 garbage-first heap   total 524288K, used 68841K [0x0000000085600000, 0x0000000100000000)
  region size 1024K, 2 young (2048K), 0 survivors (0K)
 Metaspace       used 212201K, capacity 228937K, committed 236560K, reserved 1245184K
  class space    used 31669K, capacity 40206K, committed 41984K, reserved 1048576K
}
Event: 814,289 GC heap after
{Heap after GC invocations=18 (full 2):
 garbage-first heap   total 524288K, used 67806K [0x0000000085600000, 0x0000000100000000)
  region size 1024K, 0 young (0K), 0 survivors (0K)
 Metaspace       used 212201K, capacity 228937K, committed 236560K, reserved 1245184K
  class space    used 31669K, capacity 40206K, committed 41984K, reserved 1048576K
}
Event: 1414,336 GC heap before
{Heap before GC invocations=18 (full 2):
 garbage-first heap   total 524288K, used 88286K [0x0000000085600000, 0x0000000100000000)
  region size 1024K, 21 young (21504K), 0 survivors (0K)
 Metaspace       used 212248K, capacity 228956K, committed 236560K, reserved 1245184K
  class space    used 31674K, capacity 40214K, committed 41984K, reserved 1048576K
}
Event: 1414,566 GC heap after
{Heap after GC invocations=19 (full 3):
 garbage-first heap   total 524288K, used 66962K [0x0000000085600000, 0x0000000100000000)
  region size 1024K, 0 young (0K), 0 survivors (0K)
 Metaspace       used 212248K, capacity 228956K, committed 236560K, reserved 1245184K
  class space    used 31674K, capacity 40214K, committed 41984K, reserved 1048576K
}
Event: 1414,567 GC heap before
{Heap before GC invocations=19 (full 3):
 garbage-first heap   total 524288K, used 66962K [0x0000000085600000, 0x0000000100000000)
  region size 1024K, 1 young (1024K), 0 survivors (0K)
 Metaspace       used 212248K, capacity 228956K, committed 236560K, reserved 1245184K
  class space    used 31674K, capacity 40214K, committed 41984K, reserved 1048576K
}
Event: 1414,680 GC heap after
{Heap after GC invocations=20 (full 4):
 garbage-first heap   total 524288K, used 66964K [0x0000000085600000, 0x0000000100000000)
  region size 1024K, 0 young (0K), 0 survivors (0K)
 Metaspace       used 212248K, capacity 228956K, committed 236560K, reserved 1245184K
  class space    used 31674K, capacity 40214K, committed 41984K, reserved 1048576K
}
Event: 2211,496 GC heap before
{Heap before GC invocations=20 (full 4):
 garbage-first heap   total 524288K, used 218516K [0x0000000085600000, 0x0000000100000000)
  region size 1024K, 147 young (150528K), 0 survivors (0K)
 Metaspace       used 214496K, capacity 231742K, committed 236560K, reserved 1245184K
  class space    used 32044K, capacity 40753K, committed 41984K, reserved 1048576K
}
Event: 2212,185 GC heap after
{Heap after GC invocations=21 (full 5):
 garbage-first heap   total 524288K, used 68287K [0x0000000085600000, 0x0000000100000000)
  region size 1024K, 0 young (0K), 0 survivors (0K)
 Metaspace       used 214430K, capacity 231613K, committed 236560K, reserved 1245184K
  class space    used 32030K, capacity 40709K, committed 41984K, reserved 1048576K
}
Event: 2212,190 GC heap before
{Heap before GC invocations=21 (full 5):
 garbage-first heap   total 524288K, used 69311K [0x0000000085600000, 0x0000000100000000)
  region size 1024K, 2 young (2048K), 0 survivors (0K)
 Metaspace       used 214430K, capacity 231613K, committed 236560K, reserved 1245184K
  class space    used 32030K, capacity 40709K, committed 41984K, reserved 1048576K
}
Event: 2212,328 GC heap after
{Heap after GC invocations=22 (full 6):
 garbage-first heap   total 524288K, used 63899K [0x0000000085600000, 0x0000000100000000)
  region size 1024K, 0 young (0K), 0 survivors (0K)
 Metaspace       used 214157K, capacity 231191K, committed 236560K, reserved 1245184K
  class space    used 31958K, capacity 40571K, committed 41984K, reserved 1048576K
}

